<?xml version="1.0" encoding="UTF-8"?>
<!-- Generated by org.testng.reporters.JUnitReportReporter -->
<testsuite hostname="DESKTOP-KUIDM9G" failures="0" tests="1" name="fristtestng.testclass1" time="0.556" errors="0" timestamp="2022-08-13T16:16:25 IST" skipped="0">
  <testcase classname="fristtestng.testclass1" name="display" time="0.556"/>
  <system-out/>
</testsuite> <!-- fristtestng.testclass1 -->
