<?xml version="1.0" encoding="UTF-8"?>
<!-- Generated by org.testng.reporters.JUnitReportReporter -->
<testsuite hostname="DESKTOP-KUIDM9G" failures="0" tests="3" name="fristtestng.Test1" time="0.496" errors="0" timestamp="2022-08-11T17:01:05 IST" skipped="0">
  <testcase classname="fristtestng.Test1" name="method1" time="0.475"/>
  <system-out/>
  <testcase classname="fristtestng.Test1" name="method2" time="0.013"/>
  <system-out/>
  <testcase classname="fristtestng.Test1" name="method3" time="0.008"/>
  <system-out/>
</testsuite> <!-- fristtestng.Test1 -->
